0 info it worked if it ends with ok
1 verbose cli [ 'node', '/usr/bin/npm', 'install', 'ideino-linino-lib' ]
2 info using npm@1.3.24
3 info using node@v0.10.25
4 warn package.json create_rdf@1.0.0 No repository field.
5 verbose readDependencies using package.json deps
6 verbose cache add [ 'ideino-linino-lib', null ]
7 verbose cache add name=undefined spec="ideino-linino-lib" args=["ideino-linino-lib",null]
8 verbose parsed url { protocol: null,
8 verbose parsed url   slashes: null,
8 verbose parsed url   auth: null,
8 verbose parsed url   host: null,
8 verbose parsed url   port: null,
8 verbose parsed url   hostname: null,
8 verbose parsed url   hash: null,
8 verbose parsed url   search: null,
8 verbose parsed url   query: null,
8 verbose parsed url   pathname: 'ideino-linino-lib',
8 verbose parsed url   path: 'ideino-linino-lib',
8 verbose parsed url   href: 'ideino-linino-lib' }
9 silly lockFile cbb26483-ideino-linino-lib ideino-linino-lib
10 verbose lock ideino-linino-lib /root/.npm/cbb26483-ideino-linino-lib.lock
11 silly lockFile cbb26483-ideino-linino-lib ideino-linino-lib
12 silly lockFile cbb26483-ideino-linino-lib ideino-linino-lib
13 verbose addNamed [ 'ideino-linino-lib', '' ]
14 verbose addNamed [ null, '*' ]
15 silly lockFile 3853df44-ideino-linino-lib ideino-linino-lib@
16 verbose lock ideino-linino-lib@ /root/.npm/3853df44-ideino-linino-lib.lock
17 silly addNameRange { name: 'ideino-linino-lib', range: '*', hasData: false }
18 verbose url raw ideino-linino-lib
19 verbose url resolving [ 'https://registry.npmjs.org/', './ideino-linino-lib' ]
20 verbose url resolved https://registry.npmjs.org/ideino-linino-lib
21 info trying registry request attempt 1 at 19:38:59
22 http GET https://registry.npmjs.org/ideino-linino-lib
23 http 404 https://registry.npmjs.org/ideino-linino-lib
24 silly registry.get cb [ 404,
24 silly registry.get   { 'content-type': 'application/json',
24 silly registry.get     'cache-control': 'max-age=0',
24 silly registry.get     'content-length': '2',
24 silly registry.get     'accept-ranges': 'bytes',
24 silly registry.get     date: 'Wed, 25 Oct 2017 19:39:01 GMT',
24 silly registry.get     via: '1.1 varnish',
24 silly registry.get     age: '0',
24 silly registry.get     connection: 'keep-alive',
24 silly registry.get     'x-served-by': 'cache-lcy1143-LCY',
24 silly registry.get     'x-cache': 'MISS',
24 silly registry.get     'x-cache-hits': '0',
24 silly registry.get     'x-timer': 'S1508960341.737934,VS0,VE346',
24 silly registry.get     vary: 'Accept-Encoding' } ]
25 silly addNameRange number 2 { name: 'ideino-linino-lib', range: '*', hasData: true }
26 silly addNameRange versions [ undefined, [] ]
27 error TypeError: Cannot read property 'latest' of undefined
27 error     at next (/usr/lib/node_modules/npm/lib/cache.js:692:35)
27 error     at /usr/lib/node_modules/npm/lib/cache.js:680:5
27 error     at saved (/usr/lib/node_modules/npm/node_modules/npm-registry-client/lib/get.js:142:7)
27 error     at /usr/lib/node_modules/npm/node_modules/graceful-fs/polyfills.js:133:7
27 error     at Object.oncomplete (fs.js:107:15)
28 error If you need help, you may report this *entire* log,
28 error including the npm and node versions, at:
28 error     <http://github.com/isaacs/npm/issues>
29 error System Linux 3.3.8
30 error command "node" "/usr/bin/npm" "install" "ideino-linino-lib"
31 error cwd /root/0smag
32 error node -v v0.10.25
33 error npm -v 1.3.24
34 error type non_object_property_load
35 verbose exit [ 1, true ]
